
> @acme-ds/storybook@0.1.0 build /Users/optimus/ds-playground/apps/storybook
> storybook build

@storybook/core v8.6.17

info => Cleaning outputDir: storybook-static
info => Loading presets
info => Building manager..
info => Manager built ([38;2;181;126;229m144 ms[39m)
info => Building preview..
info Using tsconfig paths for react-docgen
vite v5.4.21 building for production...
transforming...
✓ 141 modules transformed.
../../node_modules/.pnpm/@storybook+core@8.6.17_prettier@3.8.1_storybook@8.6.17_prettier@3.8.1_/node_modules/@storybook/core/dist/preview/runtime.js (3683:15): Use of eval in "../../node_modules/.pnpm/@storybook+core@8.6.17_prettier@3.8.1_storybook@8.6.17_prettier@3.8.1_/node_modules/@storybook/core/dist/preview/runtime.js" is strongly discouraged as it poses security risks and may cause issues with minification.
../../node_modules/.pnpm/@storybook+core@8.6.17_prettier@3.8.1_storybook@8.6.17_prettier@3.8.1_/node_modules/@storybook/core/dist/preview/runtime.js (3685:16): Use of eval in "../../node_modules/.pnpm/@storybook+core@8.6.17_prettier@3.8.1_storybook@8.6.17_prettier@3.8.1_/node_modules/@storybook/core/dist/preview/runtime.js" is strongly discouraged as it poses security risks and may cause issues with minification.
rendering chunks...
computing gzip size...
storybook-static/iframe.html                                17.57 kB │ gzip:   4.99 kB
storybook-static/assets/Badge.css.js-DxRDPNz0.css            6.41 kB │ gzip:   1.13 kB
storybook-static/assets/preview-CnKUH66D.css                15.40 kB │ gzip:   3.04 kB
storybook-static/assets/preview-0GW3fCYS.js                  0.09 kB │ gzip:   0.10 kB
storybook-static/assets/preview-CvbIS5ZJ.js                  0.18 kB │ gzip:   0.16 kB
storybook-static/assets/_commonjsHelpers-Cpj98o6Y.js         0.24 kB │ gzip:   0.18 kB
storybook-static/assets/index-BEP1GsES.js                    0.46 kB │ gzip:   0.30 kB
storybook-static/assets/chunk-XP5HYGXS-BHXC9YeQ.js           0.71 kB │ gzip:   0.40 kB
storybook-static/assets/preview-DGUiP6tS.js                  0.71 kB │ gzip:   0.49 kB
storybook-static/assets/index-DrFu-skq.js                    0.77 kB │ gzip:   0.47 kB
storybook-static/assets/react-18-D3TVCdaC.js                 0.84 kB │ gzip:   0.49 kB
storybook-static/assets/jsx-runtime-Z5uAzocK.js              0.92 kB │ gzip:   0.58 kB
storybook-static/assets/preview-HNnLNGcL.js                  0.93 kB │ gzip:   0.59 kB
storybook-static/assets/Text.stories-JhnyW7g_.js             1.44 kB │ gzip:   0.64 kB
storybook-static/assets/Input.stories-COkw9N4R.js            1.62 kB │ gzip:   0.74 kB
storybook-static/assets/preview-BGBoUKDF.js                  2.22 kB │ gzip:   1.21 kB
storybook-static/assets/Badge.stories-r-jktUsR.js            2.50 kB │ gzip:   0.84 kB
storybook-static/assets/preview-DD_OYowb.js                  3.51 kB │ gzip:   1.69 kB
storybook-static/assets/Toast.stories-C77bUNpU.js            3.86 kB │ gzip:   1.27 kB
storybook-static/assets/Link.stories-Bm0OBzB5.js             4.31 kB │ gzip:   1.44 kB
storybook-static/assets/preview-B8lJiyuQ.js                  5.06 kB │ gzip:   1.89 kB
storybook-static/assets/index-pP6CS22B.js                    7.18 kB │ gzip:   2.92 kB
storybook-static/assets/preview-BWzBA1C2.js                  7.62 kB │ gzip:   1.57 kB
storybook-static/assets/preview-BBWR9nbA.js                  8.12 kB │ gzip:   3.08 kB
storybook-static/assets/Button.stories-BCiDNckU.js           9.41 kB │ gzip:   2.50 kB
storybook-static/assets/test-utils-C4rIXcST.js              12.99 kB │ gzip:   5.03 kB
storybook-static/assets/Color-YHDXOIA2-CxhbfgDU.js          29.37 kB │ gzip:  10.95 kB
storybook-static/assets/matchers-7Z3WT2CE-OIiPHzXs.js       29.79 kB │ gzip:  10.23 kB
storybook-static/assets/entry-preview-Bgd7CxeX.js           29.82 kB │ gzip:   9.50 kB
storybook-static/assets/index-Bhelpi4i.js                   57.15 kB │ gzip:  16.23 kB
storybook-static/assets/index-Bvak3XBe.js                  134.00 kB │ gzip:  43.17 kB
storybook-static/assets/iframe-BgbVo3in.js                 208.76 kB │ gzip:  71.41 kB
storybook-static/assets/entry-preview-docs-DSn79GSO.js     244.71 kB │ gzip:  72.56 kB
storybook-static/assets/axe-M1rEDcX0.js                    580.35 kB │ gzip: 159.52 kB
storybook-static/assets/index-DgAF9SIF.js                  662.40 kB │ gzip: 156.46 kB
storybook-static/assets/DocsRenderer-CFRXHY34-BksqiYwo.js  883.44 kB │ gzip: 273.82 kB

(!) Some chunks are larger than 500 kB after minification. Consider:
- Using dynamic import() to code-split the application
- Use build.rollupOptions.output.manualChunks to improve chunking: https://rollupjs.org/configuration-options/#output-manualchunks
- Adjust chunk size limit for this warning via build.chunkSizeWarningLimit.
✓ built in 6.11s
info => Preview built ([38;2;181;126;229m6.67 s[39m)
info => Output directory: /Users/optimus/ds-playground/apps/storybook/storybook-static

> @acme-ds/storybook@0.1.0 postbuild /Users/optimus/ds-playground/apps/storybook
> cp storybook-static/index.json storybook-static/stories.json

