
> @acme-ds/storybook@0.1.0 build /Users/optimus/ds-playground/apps/storybook
> storybook build "--output-dir=/var/folders/z1/32bmxt791g7dpjcf206t6khh0000gn/T/chromatic--73340-gGTLNpUvHRWf"

[1m@storybook/core v8.6.17
[22m
info => Cleaning outputDir: [36m../../../../../var/folders/z1/32bmxt791g7dpjcf206t6khh0000gn/T/chromatic--73340-gGTLNpUvHRWf[39m
info => Loading presets
info => Building manager..
info => Manager built ([38;2;181;126;229m153 ms[39m)
info => Building preview..
info Using tsconfig paths for react-docgen
[36mvite v5.4.21 [32mbuilding for production...[36m[39m
transforming...
[32m✓[39m 133 modules transformed.
rendering chunks...
computing gzip size...
[2m../../../../../var/folders/z1/32bmxt791g7dpjcf206t6khh0000gn/T/chromatic--73340-gGTLNpUvHRWf/[22m[32miframe.html                               [39m[1m[2m 17.57 kB[22m[1m[22m[2m │ gzip:   4.99 kB[22m
[2m../../../../../var/folders/z1/32bmxt791g7dpjcf206t6khh0000gn/T/chromatic--73340-gGTLNpUvHRWf/[22m[2massets/[22m[35mBadge.css.js-4CY6P-pv.css          [39m[1m[2m  3.01 kB[22m[1m[22m[2m │ gzip:   0.68 kB[22m
[2m../../../../../var/folders/z1/32bmxt791g7dpjcf206t6khh0000gn/T/chromatic--73340-gGTLNpUvHRWf/[22m[2massets/[22m[35mpreview-CTlXFLNI.css               [39m[1m[2m 15.40 kB[22m[1m[22m[2m │ gzip:   3.04 kB[22m
[2m../../../../../var/folders/z1/32bmxt791g7dpjcf206t6khh0000gn/T/chromatic--73340-gGTLNpUvHRWf/[22m[2massets/[22m[36mpreview-OhnfpsTE.js                [39m[1m[2m  0.09 kB[22m[1m[22m[2m │ gzip:   0.10 kB[22m
[2m../../../../../var/folders/z1/32bmxt791g7dpjcf206t6khh0000gn/T/chromatic--73340-gGTLNpUvHRWf/[22m[2massets/[22m[36mpreview-CvbIS5ZJ.js                [39m[1m[2m  0.18 kB[22m[1m[22m[2m │ gzip:   0.16 kB[22m
[2m../../../../../var/folders/z1/32bmxt791g7dpjcf206t6khh0000gn/T/chromatic--73340-gGTLNpUvHRWf/[22m[2massets/[22m[36m_commonjsHelpers-Cpj98o6Y.js       [39m[1m[2m  0.24 kB[22m[1m[22m[2m │ gzip:   0.18 kB[22m
[2m../../../../../var/folders/z1/32bmxt791g7dpjcf206t6khh0000gn/T/chromatic--73340-gGTLNpUvHRWf/[22m[2massets/[22m[36mindex-BEP1GsES.js                  [39m[1m[2m  0.46 kB[22m[1m[22m[2m │ gzip:   0.30 kB[22m
[2m../../../../../var/folders/z1/32bmxt791g7dpjcf206t6khh0000gn/T/chromatic--73340-gGTLNpUvHRWf/[22m[2massets/[22m[36mchunk-XP5HYGXS-BHXC9YeQ.js         [39m[1m[2m  0.71 kB[22m[1m[22m[2m │ gzip:   0.40 kB[22m
[2m../../../../../var/folders/z1/32bmxt791g7dpjcf206t6khh0000gn/T/chromatic--73340-gGTLNpUvHRWf/[22m[2massets/[22m[36mpreview-DGUiP6tS.js                [39m[1m[2m  0.71 kB[22m[1m[22m[2m │ gzip:   0.49 kB[22m
[2m../../../../../var/folders/z1/32bmxt791g7dpjcf206t6khh0000gn/T/chromatic--73340-gGTLNpUvHRWf/[22m[2massets/[22m[36mindex-DrFu-skq.js                  [39m[1m[2m  0.77 kB[22m[1m[22m[2m │ gzip:   0.47 kB[22m
[2m../../../../../var/folders/z1/32bmxt791g7dpjcf206t6khh0000gn/T/chromatic--73340-gGTLNpUvHRWf/[22m[2massets/[22m[36mreact-18-D3TVCdaC.js               [39m[1m[2m  0.84 kB[22m[1m[22m[2m │ gzip:   0.49 kB[22m
[2m../../../../../var/folders/z1/32bmxt791g7dpjcf206t6khh0000gn/T/chromatic--73340-gGTLNpUvHRWf/[22m[2massets/[22m[36mButton.stories-B-AHMbqv.js         [39m[1m[2m  0.88 kB[22m[1m[22m[2m │ gzip:   0.47 kB[22m
[2m../../../../../var/folders/z1/32bmxt791g7dpjcf206t6khh0000gn/T/chromatic--73340-gGTLNpUvHRWf/[22m[2massets/[22m[36mjsx-runtime-Z5uAzocK.js            [39m[1m[2m  0.92 kB[22m[1m[22m[2m │ gzip:   0.58 kB[22m
[2m../../../../../var/folders/z1/32bmxt791g7dpjcf206t6khh0000gn/T/chromatic--73340-gGTLNpUvHRWf/[22m[2massets/[22m[36mpreview-B_RNh_sF.js                [39m[1m[2m  0.93 kB[22m[1m[22m[2m │ gzip:   0.59 kB[22m
[2m../../../../../var/folders/z1/32bmxt791g7dpjcf206t6khh0000gn/T/chromatic--73340-gGTLNpUvHRWf/[22m[2massets/[22m[36mBadge.stories-TgCjXZY-.js          [39m[1m[2m  1.14 kB[22m[1m[22m[2m │ gzip:   0.55 kB[22m
[2m../../../../../var/folders/z1/32bmxt791g7dpjcf206t6khh0000gn/T/chromatic--73340-gGTLNpUvHRWf/[22m[2massets/[22m[36mText.stories-D4ml8iRV.js           [39m[1m[2m  1.44 kB[22m[1m[22m[2m │ gzip:   0.64 kB[22m
[2m../../../../../var/folders/z1/32bmxt791g7dpjcf206t6khh0000gn/T/chromatic--73340-gGTLNpUvHRWf/[22m[2massets/[22m[36mInput.stories-CtQduf-h.js          [39m[1m[2m  1.62 kB[22m[1m[22m[2m │ gzip:   0.74 kB[22m
[2m../../../../../var/folders/z1/32bmxt791g7dpjcf206t6khh0000gn/T/chromatic--73340-gGTLNpUvHRWf/[22m[2massets/[22m[36mpreview-D93uC4jK.js                [39m[1m[2m  2.22 kB[22m[1m[22m[2m │ gzip:   1.21 kB[22m
[2m../../../../../var/folders/z1/32bmxt791g7dpjcf206t6khh0000gn/T/chromatic--73340-gGTLNpUvHRWf/[22m[2massets/[22m[36mpreview-DD_OYowb.js                [39m[1m[2m  3.51 kB[22m[1m[22m[2m │ gzip:   1.69 kB[22m
[2m../../../../../var/folders/z1/32bmxt791g7dpjcf206t6khh0000gn/T/chromatic--73340-gGTLNpUvHRWf/[22m[2massets/[22m[36mpreview-B8lJiyuQ.js                [39m[1m[2m  5.06 kB[22m[1m[22m[2m │ gzip:   1.89 kB[22m
[2m../../../../../var/folders/z1/32bmxt791g7dpjcf206t6khh0000gn/T/chromatic--73340-gGTLNpUvHRWf/[22m[2massets/[22m[36mindex-pP6CS22B.js                  [39m[1m[2m  7.18 kB[22m[1m[22m[2m │ gzip:   2.92 kB[22m
[2m../../../../../var/folders/z1/32bmxt791g7dpjcf206t6khh0000gn/T/chromatic--73340-gGTLNpUvHRWf/[22m[2massets/[22m[36mpreview-BWzBA1C2.js                [39m[1m[2m  7.62 kB[22m[1m[22m[2m │ gzip:   1.57 kB[22m
[2m../../../../../var/folders/z1/32bmxt791g7dpjcf206t6khh0000gn/T/chromatic--73340-gGTLNpUvHRWf/[22m[2massets/[22m[36mpreview-BBWR9nbA.js                [39m[1m[2m  8.12 kB[22m[1m[22m[2m │ gzip:   3.08 kB[22m
[2m../../../../../var/folders/z1/32bmxt791g7dpjcf206t6khh0000gn/T/chromatic--73340-gGTLNpUvHRWf/[22m[2massets/[22m[36mtest-utils-C4rIXcST.js             [39m[1m[2m 12.99 kB[22m[1m[22m[2m │ gzip:   5.03 kB[22m
[2m../../../../../var/folders/z1/32bmxt791g7dpjcf206t6khh0000gn/T/chromatic--73340-gGTLNpUvHRWf/[22m[2massets/[22m[36mColor-YHDXOIA2-DhbXiiRh.js         [39m[1m[2m 29.37 kB[22m[1m[22m[2m │ gzip:  10.95 kB[22m
[2m../../../../../var/folders/z1/32bmxt791g7dpjcf206t6khh0000gn/T/chromatic--73340-gGTLNpUvHRWf/[22m[2massets/[22m[36mmatchers-7Z3WT2CE-OIiPHzXs.js      [39m[1m[2m 29.79 kB[22m[1m[22m[2m │ gzip:  10.23 kB[22m
[2m../../../../../var/folders/z1/32bmxt791g7dpjcf206t6khh0000gn/T/chromatic--73340-gGTLNpUvHRWf/[22m[2massets/[22m[36mentry-preview-1FOMTYib.js          [39m[1m[2m 29.82 kB[22m[1m[22m[2m │ gzip:   9.50 kB[22m
[2m../../../../../var/folders/z1/32bmxt791g7dpjcf206t6khh0000gn/T/chromatic--73340-gGTLNpUvHRWf/[22m[2massets/[22m[36mindex-Bhelpi4i.js                  [39m[1m[2m 57.15 kB[22m[1m[22m[2m │ gzip:  16.23 kB[22m
[2m../../../../../var/folders/z1/32bmxt791g7dpjcf206t6khh0000gn/T/chromatic--73340-gGTLNpUvHRWf/[22m[2massets/[22m[36mindex-Bvak3XBe.js                  [39m[1m[2m134.00 kB[22m[1m[22m[2m │ gzip:  43.17 kB[22m
[2m../../../../../var/folders/z1/32bmxt791g7dpjcf206t6khh0000gn/T/chromatic--73340-gGTLNpUvHRWf/[22m[2massets/[22m[36miframe-D8Xmk5lS.js                 [39m[1m[2m208.42 kB[22m[1m[22m[2m │ gzip:  71.33 kB[22m
[2m../../../../../var/folders/z1/32bmxt791g7dpjcf206t6khh0000gn/T/chromatic--73340-gGTLNpUvHRWf/[22m[2massets/[22m[36mentry-preview-docs-DSn79GSO.js     [39m[1m[2m244.71 kB[22m[1m[22m[2m │ gzip:  72.56 kB[22m
[2m../../../../../var/folders/z1/32bmxt791g7dpjcf206t6khh0000gn/T/chromatic--73340-gGTLNpUvHRWf/[22m[2massets/[22m[36maxe-M1rEDcX0.js                    [39m[1m[33m580.35 kB[39m[22m[2m │ gzip: 159.52 kB[22m
[2m../../../../../var/folders/z1/32bmxt791g7dpjcf206t6khh0000gn/T/chromatic--73340-gGTLNpUvHRWf/[22m[2massets/[22m[36mindex-DgAF9SIF.js                  [39m[1m[33m662.40 kB[39m[22m[2m │ gzip: 156.46 kB[22m
[2m../../../../../var/folders/z1/32bmxt791g7dpjcf206t6khh0000gn/T/chromatic--73340-gGTLNpUvHRWf/[22m[2massets/[22m[36mDocsRenderer-CFRXHY34-D9xmbjg5.js  [39m[1m[33m883.44 kB[39m[22m[2m │ gzip: 273.82 kB[22m
[32m✓ built in 5.92s[39m
info => Preview built ([38;2;181;126;229m6.37 s[39m)
info => Output directory: /var/folders/z1/32bmxt791g7dpjcf206t6khh0000gn/T/chromatic--73340-gGTLNpUvHRWf

> @acme-ds/storybook@0.1.0 postbuild /Users/optimus/ds-playground/apps/storybook
> cp storybook-static/index.json storybook-static/stories.json

